<?xml version="1.0" encoding="UTF-8"?>
<!-- Generated by org.testng.reporters.JUnitReportReporter -->
<testsuite hostname="PCReddy" name="buildTools.GmailLoginTest" tests="1" failures="0" timestamp="3 Dec 2016 18:16:02 GMT" time="0.006" errors="0">
  <testcase name="run" time="0.006" classname="buildTools.GmailLoginTest"/>
</testsuite> <!-- buildTools.GmailLoginTest -->
